<?xml version="1.0" encoding="UTF-8"?>
<!-- Generated by org.testng.reporters.JUnitReportReporter -->
<testsuite hostname="Marjans-MBP.attlocal.net" failures="0" tests="4" name="Test.First" time="55.299" errors="0" timestamp="2020-09-13T21:58:47 EDT" skipped="0">
  <testcase classname="Test.First" name="mouse" time="12.512"/>
  <system-out/>
  <testcase classname="Test.First" name="login" time="15.250"/>
  <system-out/>
  <testcase classname="Test.First" name="regis" time="13.534"/>
  <system-out/>
  <testcase classname="Test.First" name="login2" time="14.003"/>
  <system-out/>
</testsuite> <!-- Test.First -->
